# JRE version: Java(TM) SE Runtime Environment (7.0_51-b13) (build 1.7.0_51-b13)
# Java VM: Java HotSpot(TM) Client VM (24.51-b03 mixed mode, sharing windows-x86 )
Heap
 def new generation   total 32256K, used 27179K [0x233e0000, 0x256d0000, 0x28930000)
  eden space 28736K,  93% used [0x233e0000, 0x24e3f7d0, 0x24ff0000)
  from space 3520K,   4% used [0x24ff0000, 0x2501b5a8, 0x25360000)
  to   space 3520K,   0% used [0x25360000, 0x25360168, 0x256d0000)
 tenured generation   total 71520K, used 55464K [0x28930000, 0x2cf08000, 0x333e0000)
   the space 71520K,  77% used [0x28930000, 0x2bf5a208, 0x2bf5a400, 0x2cf08000)
 compacting perm gen  total 12288K, used 1394K [0x333e0000, 0x33fe0000, 0x373e0000)
   the space 12288K,  11% used [0x333e0000, 0x3353c888, 0x3353ca00, 0x33fe0000)
    ro space 10240K,  41% used [0x373e0000, 0x37812050, 0x37812200, 0x37de0000)
    rw space 12288K,  52% used [0x37de0000, 0x38426800, 0x38426800, 0x389e0000)
GC Heap History (10 events):
Event: 29.048 GC heap after
Heap after GC invocations=153 (full 62):
 def new generation   total 32256K, used 0K [0x233e0000, 0x256d0000, 0x28930000)
  eden space 28736K,   0% used [0x233e0000, 0x233e0000, 0x24ff0000)
  from space 3520K,   0% used [0x24ff0000, 0x24ff0000, 0x25360000)
  to   space 3520K,   0% used [0x25360000, 0x25360000, 0x256d0000)
 tenured generation   total 71520K, used 55464K [0x28930000, 0x2cf08000, 0x333e0000)
   the space 71520K,  77% used [0x28930000, 0x2bf5a208, 0x2bf5a400, 0x2cf08000)
 compacting perm gen  total 12288K, used 1394K [0x333e0000, 0x33fe0000, 0x373e0000)
   the space 12288K,  11% used [0x333e0000, 0x3353c868, 0x3353ca00, 0x33fe0000)
    ro space 10240K,  41% used [0x373e0000, 0x37812050, 0x37812200, 0x37de0000)
    rw space 12288K,  52% used [0x37de0000, 0x38426800, 0x38426800, 0x389e0000)
}
Event: 29.332 GC heap before
{Heap before GC invocations=153 (full 62):
 def new generation   total 32256K, used 28736K [0x233e0000, 0x256d0000, 0x28930000)
  eden space 28736K, 100% used [0x233e0000, 0x24ff0000, 0x24ff0000)
  from space 3520K,   0% used [0x24ff0000, 0x24ff0000, 0x25360000)
  to   space 3520K,   0% used [0x25360000, 0x25360000, 0x256d0000)
 tenured generation   total 71520K, used 55464K [0x28930000, 0x2cf08000, 0x333e0000)
   the space 71520K,  77% used [0x28930000, 0x2bf5a208, 0x2bf5a400, 0x2cf08000)
 compacting perm gen  total 12288K, used 1394K [0x333e0000, 0x33fe0000, 0x373e0000)
   the space 12288K,  11% used [0x333e0000, 0x3353c868, 0x3353ca00, 0x33fe0000)
    ro space 10240K,  41% used [0x373e0000, 0x37812050, 0x37812200, 0x37de0000)
    rw space 12288K,  52% used [0x37de0000, 0x38426800, 0x38426800, 0x389e0000)
Event: 29.332 GC heap after
Heap after GC invocations=154 (full 62):
 def new generation   total 32256K, used 0K [0x233e0000, 0x256d0000, 0x28930000)
  eden space 28736K,   0% used [0x233e0000, 0x233e0000, 0x24ff0000)
  from space 3520K,   0% used [0x25360000, 0x25360000, 0x256d0000)
  to   space 3520K,   0% used [0x24ff0000, 0x24ff0000, 0x25360000)
 tenured generation   total 71520K, used 55464K [0x28930000, 0x2cf08000, 0x333e0000)
   the space 71520K,  77% used [0x28930000, 0x2bf5a208, 0x2bf5a400, 0x2cf08000)
 compacting perm gen  total 12288K, used 1394K [0x333e0000, 0x33fe0000, 0x373e0000)
   the space 12288K,  11% used [0x333e0000, 0x3353c868, 0x3353ca00, 0x33fe0000)
    ro space 10240K,  41% used [0x373e0000, 0x37812050, 0x37812200, 0x37de0000)
    rw space 12288K,  52% used [0x37de0000, 0x38426800, 0x38426800, 0x389e0000)
}
Event: 29.519 GC heap before
{Heap before GC invocations=154 (full 62):
 def new generation   total 32256K, used 28736K [0x233e0000, 0x256d0000, 0x28930000)
  eden space 28736K, 100% used [0x233e0000, 0x24ff0000, 0x24ff0000)
  from space 3520K,   0% used [0x25360000, 0x25360000, 0x256d0000)
  to   space 3520K,   0% used [0x24ff0000, 0x24ff0000, 0x25360000)
 tenured generation   total 71520K, used 55464K [0x28930000, 0x2cf08000, 0x333e0000)
   the space 71520K,  77% used [0x28930000, 0x2bf5a208, 0x2bf5a400, 0x2cf08000)
 compacting perm gen  total 12288K, used 1394K [0x333e0000, 0x33fe0000, 0x373e0000)
   the space 12288K,  11% used [0x333e0000, 0x3353c868, 0x3353ca00, 0x33fe0000)
    ro space 10240K,  41% used [0x373e0000, 0x37812050, 0x37812200, 0x37de0000)
    rw space 12288K,  52% used [0x37de0000, 0x38426800, 0x38426800, 0x389e0000)
Event: 29.520 GC heap after
Heap after GC invocations=155 (full 62):
 def new generation   total 32256K, used 0K [0x233e0000, 0x256d0000, 0x28930000)
  eden space 28736K,   0% used [0x233e0000, 0x233e0000, 0x24ff0000)
  from space 3520K,   0% used [0x24ff0000, 0x24ff0000, 0x25360000)
  to   space 3520K,   0% used [0x25360000, 0x25360000, 0x256d0000)
 tenured generation   total 71520K, used 55464K [0x28930000, 0x2cf08000, 0x333e0000)
   the space 71520K,  77% used [0x28930000, 0x2bf5a208, 0x2bf5a400, 0x2cf08000)
 compacting perm gen  total 12288K, used 1394K [0x333e0000, 0x33fe0000, 0x373e0000)
   the space 12288K,  11% used [0x333e0000, 0x3353c868, 0x3353ca00, 0x33fe0000)
    ro space 10240K,  41% used [0x373e0000, 0x37812050, 0x37812200, 0x37de0000)
    rw space 12288K,  52% used [0x37de0000, 0x38426800, 0x38426800, 0x389e0000)
}
Event: 29.724 GC heap before
{Heap before GC invocations=155 (full 62):
 def new generation   total 32256K, used 28736K [0x233e0000, 0x256d0000, 0x28930000)
  eden space 28736K, 100% used [0x233e0000, 0x24ff0000, 0x24ff0000)
  from space 3520K,   0% used [0x24ff0000, 0x24ff0000, 0x25360000)
  to   space 3520K,   0% used [0x25360000, 0x25360000, 0x256d0000)
 tenured generation   total 71520K, used 55464K [0x28930000, 0x2cf08000, 0x333e0000)
   the space 71520K,  77% used [0x28930000, 0x2bf5a208, 0x2bf5a400, 0x2cf08000)
 compacting perm gen  total 12288K, used 1394K [0x333e0000, 0x33fe0000, 0x373e0000)
   the space 12288K,  11% used [0x333e0000, 0x3353c868, 0x3353ca00, 0x33fe0000)
    ro space 10240K,  41% used [0x373e0000, 0x37812050, 0x37812200, 0x37de0000)
    rw space 12288K,  52% used [0x37de0000, 0x38426800, 0x38426800, 0x389e0000)
Event: 29.725 GC heap after
Heap after GC invocations=156 (full 62):
 def new generation   total 32256K, used 0K [0x233e0000, 0x256d0000, 0x28930000)
  eden space 28736K,   0% used [0x233e0000, 0x233e0000, 0x24ff0000)
  from space 3520K,   0% used [0x25360000, 0x25360000, 0x256d0000)
  to   space 3520K,   0% used [0x24ff0000, 0x24ff0000, 0x25360000)
 tenured generation   total 71520K, used 55464K [0x28930000, 0x2cf08000, 0x333e0000)
   the space 71520K,  77% used [0x28930000, 0x2bf5a208, 0x2bf5a400, 0x2cf08000)
 compacting perm gen  total 12288K, used 1394K [0x333e0000, 0x33fe0000, 0x373e0000)
   the space 12288K,  11% used [0x333e0000, 0x3353c868, 0x3353ca00, 0x33fe0000)
    ro space 10240K,  41% used [0x373e0000, 0x37812050, 0x37812200, 0x37de0000)
    rw space 12288K,  52% used [0x37de0000, 0x38426800, 0x38426800, 0x389e0000)
}
Event: 30.052 GC heap before
{Heap before GC invocations=156 (full 62):
 def new generation   total 32256K, used 28736K [0x233e0000, 0x256d0000, 0x28930000)
  eden space 28736K, 100% used [0x233e0000, 0x24ff0000, 0x24ff0000)
  from space 3520K,   0% used [0x25360000, 0x25360000, 0x256d0000)
  to   space 3520K,   0% used [0x24ff0000, 0x24ff0000, 0x25360000)
 tenured generation   total 71520K, used 55464K [0x28930000, 0x2cf08000, 0x333e0000)
   the space 71520K,  77% used [0x28930000, 0x2bf5a208, 0x2bf5a400, 0x2cf08000)
 compacting perm gen  total 12288K, used 1394K [0x333e0000, 0x33fe0000, 0x373e0000)
   the space 12288K,  11% used [0x333e0000, 0x3353c868, 0x3353ca00, 0x33fe0000)
    ro space 10240K,  41% used [0x373e0000, 0x37812050, 0x37812200, 0x37de0000)
    rw space 12288K,  52% used [0x37de0000, 0x38426800, 0x38426800, 0x389e0000)
Event: 30.053 GC heap after
Heap after GC invocations=157 (full 62):
 def new generation   total 32256K, used 173K [0x233e0000, 0x256d0000, 0x28930000)
  eden space 28736K,   0% used [0x233e0000, 0x233e0000, 0x24ff0000)
  from space 3520K,   4% used [0x24ff0000, 0x2501b5a8, 0x25360000)
  to   space 3520K,   0% used [0x25360000, 0x25360000, 0x256d0000)
 tenured generation   total 71520K, used 55464K [0x28930000, 0x2cf08000, 0x333e0000)
   the space 71520K,  77% used [0x28930000, 0x2bf5a208, 0x2bf5a400, 0x2cf08000)
 compacting perm gen  total 12288K, used 1394K [0x333e0000, 0x33fe0000, 0x373e0000)
   the space 12288K,  11% used [0x333e0000, 0x3353c868, 0x3353ca00, 0x33fe0000)
    ro space 10240K,  41% used [0x373e0000, 0x37812050, 0x37812200, 0x37de0000)
    rw space 12288K,  52% used [0x37de0000, 0x38426800, 0x38426800, 0x389e0000)
}
Event: 31.050 GC heap before
{Heap before GC invocations=157 (full 62):
 def new generation   total 32256K, used 27179K [0x233e0000, 0x256d0000, 0x28930000)
  eden space 28736K,  93% used [0x233e0000, 0x24e3f7d0, 0x24ff0000)
  from space 3520K,   4% used [0x24ff0000, 0x2501b5a8, 0x25360000)
  to   space 3520K,   0% used [0x25360000, 0x25360000, 0x256d0000)
 tenured generation   total 71520K, used 55464K [0x28930000, 0x2cf08000, 0x333e0000)
   the space 71520K,  77% used [0x28930000, 0x2bf5a208, 0x2bf5a400, 0x2cf08000)
 compacting perm gen  total 12288K, used 1394K [0x333e0000, 0x33fe0000, 0x373e0000)
   the space 12288K,  11% used [0x333e0000, 0x3353c888, 0x3353ca00, 0x33fe0000)
    ro space 10240K,  41% used [0x373e0000, 0x37812050, 0x37812200, 0x37de0000)
    rw space 12288K,  52% used [0x37de0000, 0x38426800, 0x38426800, 0x389e0000)

